SF:lib\src\core\types\either.dart
DA:11,1
DA:12,1
DA:15,1
DA:16,1
DA:19,1
DA:20,1
DA:23,1
DA:24,3
DA:27,1
DA:28,3
DA:41,1
DA:43,1
DA:45,1
DA:48,1
DA:50,1
DA:63,2
DA:65,1
DA:67,1
DA:70,1
DA:72,1
DA:76,4
DA:77,2
DA:79,1
DA:85,5
LF:24
LH:24
end_of_record
SF:lib\src\domain\models\request.dart
DA:8,1
LF:1
LH:1
end_of_record
SF:lib\src\domain\entities\response.dart
DA:9,1
LF:1
LH:1
end_of_record
SF:lib\src\domain\errors\errors.dart
DA:9,0
LF:1
LH:0
end_of_record
SF:lib\src\domain\usecases\fetch.dart
DA:10,2
DA:13,1
DA:14,3
LF:3
LH:3
end_of_record
SF:lib\src\external\universal_http_client.dart
DA:9,2
DA:12,1
DA:13,3
DA:14,5
DA:15,5
DA:17,2
DA:18,0
DA:21,2
DA:22,2
DA:23,1
DA:24,4
DA:25,1
DA:28,2
DA:30,1
DA:32,2
DA:33,0
DA:36,1
DA:38,1
LF:18
LH:16
end_of_record
SF:lib\src\infra\repositories\http_repository_impl.dart
DA:6,1
DA:9,0
DA:11,0
DA:12,0
DA:13,0
DA:14,0
LF:6
LH:1
end_of_record
SF:lib\src\inject_context.dart
DA:9,1
DA:10,3
DA:13,2
DA:14,1
DA:15,1
DA:16,2
DA:17,4
DA:19,2
DA:22,1
DA:23,3
DA:26,1
DA:27,1
DA:28,3
DA:29,4
DA:30,4
DA:31,4
DA:35,0
DA:37,1
LF:18
LH:17
end_of_record
SF:lib\src\presenter\interceptors.dart
DA:11,1
DA:12,1
DA:13,2
DA:17,0
DA:19,1
DA:20,2
DA:21,2
DA:24,2
DA:29,0
DA:30,0
DA:31,0
DA:32,0
DA:34,0
DA:47,1
LF:14
LH:8
end_of_record
